[2015-06-11 00:54:59] START
[2015-06-11 00:55:13] CREATE user.py: 0
[2015-06-11 01:45:14] EDIT sicair/models/db.py: 0
[2015-06-11 01:45:34] EDIT sicair/models/db.py: 0
[2015-06-11 01:48:32] EDIT sicair/models/menu.py: 0
[2015-06-11 01:49:51] EDIT sicair/models/menu.py: 0
[2015-06-11 01:49:58] EDIT sicair/models/menu.py: 0
[2015-06-11 01:52:21] EDIT sicair/models/menu.py: 0
[2015-06-11 01:52:22] EDIT sicair/models/menu.py: 0
[2015-06-11 01:52:23] EDIT sicair/models/menu.py: 0
[2015-06-11 01:52:23] EDIT sicair/models/menu.py: 0
[2015-06-11 01:52:23] EDIT sicair/models/menu.py: 0
[2015-06-11 01:52:23] EDIT sicair/models/menu.py: 0
[2015-06-11 01:52:24] EDIT sicair/models/menu.py: 0
[2015-06-11 02:01:07] EDIT sicair/models/db.py: 0
[2015-06-11 02:09:13] EDIT sicair/models/db.py: 0
[2015-06-11 02:15:33] CREATE administrator.py: 0
[2015-06-11 02:17:19] EDIT sicair/controllers/administrator.py: 4
[2015-06-11 02:18:39] CREATE administrator/pending.html: 0
[2015-06-11 02:19:45] EDIT sicair/views/administrator/pending.html: -1
[2015-06-11 02:23:46] EDIT sicair/views/administrator/pending.html: 10
[2015-06-11 02:24:42] EDIT sicair/views/administrator/pending.html: 0
[2015-06-11 02:24:53] EDIT sicair/views/administrator/pending.html: 0
[2015-06-11 02:25:42] EDIT sicair/views/administrator/pending.html: 0
[2015-06-11 02:26:20] EDIT sicair/views/administrator/pending.html: 0
[2015-06-11 02:27:18] EDIT sicair/views/administrator/pending.html: 0
[2015-06-11 02:31:02] EDIT sicair/controllers/administrator.py: 4
[2015-06-11 02:31:42] EDIT sicair/controllers/administrator.py: 0
[2015-06-11 02:32:00] EDIT sicair/controllers/administrator.py: 0
[2015-06-11 02:32:20] EDIT sicair/controllers/administrator.py: 0
[2015-06-11 02:32:26] EDIT sicair/controllers/administrator.py: 0
[2015-06-11 02:32:31] EDIT sicair/controllers/administrator.py: 0
[2015-06-11 02:48:03] EDIT sicair/controllers/administrator.py: -4
[2015-06-11 02:48:09] EDIT sicair/controllers/administrator.py: 0
[2015-06-11 02:48:57] UPLOAD /Users/matteo/Downloads/web2py.app/Contents/Resources/applications/sicair/static/logo_aire.png: 920
[2015-06-11 02:49:19] DELETE sicair/static/logo_aire.png: -920
[2015-06-11 02:49:45] UPLOAD /Users/matteo/Downloads/web2py.app/Contents/Resources/applications/sicair/static/images/logo_aire.png: 920
[2015-06-11 02:52:07] EDIT sicair/models/menu.py: 1
[2015-06-11 02:52:29] EDIT sicair/models/menu.py: 0
[2015-06-11 02:52:54] EDIT sicair/models/menu.py: 0
[2015-06-11 02:53:11] EDIT sicair/models/menu.py: -3
[2015-06-11 02:53:17] EDIT sicair/models/menu.py: 1
[2015-06-11 02:53:43] EDIT sicair/models/menu.py: 0
[2015-06-11 02:53:55] EDIT sicair/models/menu.py: 0
[2015-06-11 02:54:11] EDIT sicair/models/menu.py: 0
[2015-06-11 02:54:14] EDIT sicair/models/menu.py: 0
[2015-06-11 02:54:43] EDIT sicair/models/menu.py: 0
[2015-06-11 02:54:50] EDIT sicair/models/menu.py: 0
[2015-06-11 02:54:59] EDIT sicair/models/menu.py: 0
[2015-06-11 02:55:10] EDIT sicair/models/menu.py: 0
[2015-06-11 02:55:12] EDIT sicair/models/menu.py: 0
[2015-06-11 02:55:16] EDIT sicair/models/menu.py: 0
[2015-06-11 02:55:18] EDIT sicair/models/menu.py: 0
[2015-06-11 02:55:26] EDIT sicair/models/menu.py: 0
[2015-06-11 02:55:28] EDIT sicair/models/menu.py: 0
[2015-06-11 02:55:34] EDIT sicair/models/menu.py: 0
[2015-06-11 02:55:36] EDIT sicair/models/menu.py: 0
[2015-06-11 02:55:51] EDIT sicair/models/menu.py: 0
[2015-06-11 02:56:28] EDIT sicair/controllers/default.py: 0
[2015-06-11 02:56:40] EDIT sicair/controllers/default.py: 0
[2015-06-11 02:57:22] EDIT sicair/views/default/index.html: -34
[2015-06-11 02:57:53] EDIT sicair/views/default/index.html: 34
[2015-06-11 02:58:02] EDIT sicair/views/default/index.html: -17
[2015-06-11 02:58:35] EDIT sicair/views/default/index.html: -19
[2015-06-11 02:58:40] EDIT sicair/views/default/index.html: 19
[2015-06-11 02:58:51] EDIT sicair/views/default/index.html: -18
[2015-06-11 02:58:57] EDIT sicair/views/default/index.html: 1
[2015-06-11 02:59:02] EDIT sicair/views/default/index.html: -1
[2015-06-11 03:04:11] UPLOAD /Users/matteo/Downloads/web2py.app/Contents/Resources/applications/sicair/static/background.jpg: 1378
[2015-06-11 03:04:34] UPLOAD /Users/matteo/Downloads/web2py.app/Contents/Resources/applications/sicair/static/images/background.jpg: 1378
[2015-06-11 03:04:39] DELETE sicair/static/background.jpg: -1378
[2015-06-11 03:06:08] EDIT sicair/views/default/index.html: 0
[2015-06-11 03:06:51] EDIT sicair/views/default/index.html: 0
[2015-06-11 03:09:07] EDIT sicair/static/css/web2py-bootstrap3.css: 1
[2015-06-11 03:11:05] EDIT sicair/models/db.py: 0
[2015-06-11 03:13:50] EDIT sicair/models/db.py: 0
[2015-06-11 03:21:47] EDIT sicair/models/user.py: 1
[2015-06-11 03:22:37] DELETE sicair/models/user.py: -1
[2015-06-11 03:22:57] EDIT sicair/models/db.py: 1
[2015-06-11 03:25:40] EDIT sicair/models/db.py: 0
[2015-06-11 03:30:49] EDIT sicair/models/db.py: 0
[2015-06-11 03:32:04] EDIT sicair/models/db.py: 5
[2015-06-11 03:32:12] EDIT sicair/models/db.py: 0
[2015-06-11 04:05:49] EDIT sicair/models/db.py: 11
[2015-06-11 04:06:06] EDIT sicair/models/db.py: 0
[2015-06-11 04:06:06] EDIT sicair/models/db.py: 0
[2015-06-11 04:06:06] EDIT sicair/models/db.py: 0
[2015-06-11 04:06:06] EDIT sicair/models/db.py: 0
[2015-06-11 04:06:44] EDIT sicair/models/db.py: 0
[2015-06-11 04:12:11] EDIT sicair/models/db.py: 10
[2015-06-11 04:12:35] EDIT sicair/models/db.py: 0
[2015-06-11 04:13:04] EDIT sicair/models/db.py: 0
[2015-06-11 04:13:35] EDIT sicair/models/db.py: 0
[2015-06-11 04:13:47] EDIT sicair/models/db.py: 0
[2015-06-11 04:14:01] EDIT sicair/models/db.py: 0
[2015-06-11 04:14:05] EDIT sicair/models/db.py: 0
[2015-06-11 04:14:11] EDIT sicair/models/db.py: 0
[2015-06-11 04:14:35] EDIT sicair/models/db.py: 0
[2015-06-11 04:16:42] EDIT sicair/models/db.py: 0
[2015-06-11 09:50:33] EDIT sicair/models/menu.py: 1
[2015-06-11 09:50:58] EDIT sicair/models/menu.py: 1
[2015-06-11 09:54:07] EDIT sicair/models/menu.py: 0
[2015-06-11 09:56:42] EDIT sicair/models/menu.py: -1
[2015-06-11 09:57:21] EDIT sicair/models/menu.py: 1
[2015-06-11 09:57:51] EDIT sicair/models/menu.py: 0
[2015-06-11 09:59:23] CREATE catalogs.py: 0
[2015-06-11 10:02:20] EDIT sicair/models/catalogs.py: 4
[2015-06-11 10:02:54] EDIT sicair/models/catalogs.py: 0
[2015-06-11 10:03:47] EDIT sicair/models/catalogs.py: 0
[2015-06-11 10:05:08] EDIT sicair/models/catalogs.py: 0
[2015-06-11 10:05:15] EDIT sicair/models/catalogs.py: 0
[2015-06-11 10:05:27] EDIT sicair/models/catalogs.py: 0
[2015-06-11 10:05:28] EDIT sicair/models/catalogs.py: 0
[2015-06-11 10:06:49] EDIT sicair/models/db.py: 0
[2015-06-11 10:07:58] DELETE sicair/models/catalogs.py: -4
[2015-06-11 10:08:17] EDIT sicair/models/db.py: 4
[2015-06-11 10:10:34] EDIT sicair/models/db.py: 0
[2015-06-11 10:10:46] EDIT sicair/models/db.py: 0
[2015-06-11 10:11:00] EDIT sicair/models/db.py: 0
[2015-06-11 10:11:44] EDIT sicair/models/db.py: 0
[2015-06-11 10:12:17] EDIT sicair/models/db.py: 0
[2015-06-11 10:12:43] EDIT sicair/models/db.py: 0
[2015-06-11 10:13:01] EDIT sicair/models/db.py: 0
[2015-06-11 10:13:07] EDIT sicair/models/db.py: 0
[2015-06-11 10:13:53] EDIT sicair/models/db.py: 1
[2015-06-11 10:13:59] EDIT sicair/models/db.py: 0
[2015-06-11 10:14:04] EDIT sicair/models/db.py: 0
[2015-06-11 10:14:10] EDIT sicair/models/db.py: 0
[2015-06-11 10:14:23] EDIT sicair/models/db.py: 0
[2015-06-11 10:14:31] EDIT sicair/models/db.py: 0
[2015-06-11 10:14:39] EDIT sicair/models/db.py: 0
[2015-06-24 19:22:28] EDIT sicair/models/db.py: 0
[2015-06-24 19:29:18] EDIT sicair/models/db.py: 2
[2015-06-24 19:48:30] EDIT sicair/models/db.py: 0
[2015-06-24 20:11:24] EDIT sicair/models/menu.py: 0
[2015-06-24 20:12:44] EDIT sicair/models/menu.py: 2
[2015-06-24 20:14:57] EDIT sicair/models/menu.py: -2
[2015-06-24 20:15:32] EDIT sicair/models/menu.py: 0
[2015-06-24 20:15:43] EDIT sicair/models/menu.py: 0
[2015-06-24 20:15:43] EDIT sicair/models/menu.py: 0
[2015-06-24 20:15:48] EDIT sicair/models/menu.py: 0
[2015-06-24 20:15:56] EDIT sicair/models/menu.py: 0
[2015-06-24 20:18:49] EDIT sicair/models/menu.py: 4
[2015-06-24 23:33:03] EDIT sicair/controllers/administrator.py: 2
[2015-06-24 23:35:24] EDIT sicair/models/menu.py: 0
[2015-06-24 23:35:27] EDIT sicair/models/menu.py: 0
[2015-06-24 23:36:38] EDIT sicair/models/menu.py: 2
[2015-06-24 23:39:19] EDIT sicair/models/menu.py: 0
[2015-06-24 23:39:26] EDIT sicair/models/menu.py: -2
[2015-06-24 23:40:11] EDIT sicair/views/administrator/pending.html: 0
[2015-06-24 23:41:43] EDIT sicair/views/administrator/pending.html: 0
[2015-06-24 23:42:05] EDIT sicair/views/administrator/pending.html: 0
[2015-06-25 00:26:10] EDIT sicair/controllers/administrator.py: 1
[2015-06-25 00:26:26] EDIT sicair/controllers/administrator.py: 1
[2015-06-25 00:32:03] EDIT sicair/controllers/administrator.py: 4
[2015-06-25 00:40:31] EDIT sicair/controllers/administrator.py: 1
[2015-06-25 00:48:20] EDIT sicair/controllers/administrator.py: 2
[2015-06-25 00:48:29] EDIT sicair/controllers/administrator.py: 1
[2015-06-25 00:48:29] EDIT sicair/controllers/administrator.py: 0
[2015-06-25 00:48:52] EDIT sicair/controllers/administrator.py: 1
[2015-06-25 00:50:02] CREATE administrator/users.html: 0
[2015-06-25 00:50:27] EDIT sicair/views/administrator/users.html: 9
[2015-06-25 00:50:50] EDIT sicair/models/menu.py: 0
[2015-06-25 00:51:08] EDIT sicair/views/administrator/users.html: 0
[2015-06-25 00:51:37] EDIT sicair/views/administrator/users.html: 0
[2015-06-25 00:51:45] EDIT sicair/views/administrator/users.html: 0
[2015-06-25 00:51:49] EDIT sicair/views/administrator/users.html: 0
[2015-06-25 00:51:51] EDIT sicair/views/administrator/users.html: 0
[2015-06-25 00:53:16] EDIT sicair/views/administrator/users.html: 0
[2015-06-25 00:54:24] EDIT sicair/views/administrator/pending.html: 0
[2015-06-25 00:54:55] EDIT sicair/views/administrator/pending.html: 2
[2015-06-25 00:55:24] EDIT sicair/views/administrator/pending.html: 0
[2015-06-25 00:55:39] EDIT sicair/views/administrator/pending.html: -1
[2015-06-25 00:55:42] EDIT sicair/views/administrator/pending.html: 0
[2015-06-25 00:55:55] EDIT sicair/views/administrator/users.html: 1
[2015-06-25 00:56:30] EDIT sicair/views/administrator/users.html: 0
[2015-06-25 00:56:42] EDIT sicair/views/administrator/users.html: 0
[2015-06-25 00:56:44] EDIT sicair/views/administrator/users.html: 0
[2015-06-25 00:57:00] EDIT sicair/views/administrator/users.html: 0
[2015-06-25 00:57:03] EDIT sicair/views/administrator/users.html: 0
[2015-06-25 00:57:37] EDIT sicair/views/administrator/users.html: 0
[2015-06-25 00:58:26] EDIT sicair/views/administrator/users.html: 0
[2015-06-25 00:58:30] EDIT sicair/views/administrator/users.html: 0
[2015-06-25 00:58:39] EDIT sicair/views/administrator/pending.html: 0
[2015-06-25 00:58:57] EDIT sicair/views/administrator/pending.html: 0
[2015-06-25 00:59:31] EDIT sicair/controllers/administrator.py: 1
[2015-06-25 00:59:33] EDIT sicair/controllers/administrator.py: 0
[2015-06-25 00:59:37] EDIT sicair/controllers/administrator.py: 0
[2015-06-25 00:59:42] EDIT sicair/controllers/administrator.py: 0
[2015-06-25 00:59:54] EDIT sicair/controllers/administrator.py: 0
[2015-06-25 01:00:20] EDIT sicair/controllers/administrator.py: 0
[2015-06-25 01:01:04] EDIT sicair/controllers/administrator.py: 0
[2015-06-25 01:02:59] EDIT sicair/controllers/administrator.py: 0
[2015-06-25 01:03:04] EDIT sicair/controllers/administrator.py: 0
[2015-06-25 01:03:26] EDIT sicair/views/administrator/users.html: 0
[2015-06-25 01:05:20] EDIT sicair/controllers/administrator.py: 0
[2015-06-25 01:06:16] EDIT sicair/controllers/administrator.py: 0
[2015-06-25 01:06:48] EDIT sicair/controllers/administrator.py: 1
[2015-06-25 01:07:28] EDIT sicair/controllers/administrator.py: 0
[2015-06-25 01:07:40] EDIT sicair/controllers/administrator.py: 0
[2015-06-25 01:12:40] EDIT sicair/controllers/administrator.py: 0
[2015-06-25 01:13:38] EDIT sicair/controllers/administrator.py: 0
[2015-06-25 01:14:15] DELETE sicair/views/administrator/users.html: -13
[2015-06-25 01:14:40] CREATE administrator/users.html: 0
[2015-06-25 01:14:43] EDIT sicair/views/administrator/users.html: 0
[2015-06-25 01:15:19] EDIT sicair/views/administrator/users.html: 0
[2015-06-25 01:15:49] EDIT sicair/controllers/administrator.py: 0
[2015-06-25 01:18:18] EDIT sicair/controllers/administrator.py: 0
[2015-06-25 01:18:32] EDIT sicair/views/administrator/users.html: 0
[2015-06-25 01:54:53] EDIT sicair/controllers/administrator.py: 0
[2015-06-25 02:02:19] EDIT sicair/models/db.py: 0
[2015-06-25 02:03:02] EDIT sicair/models/db.py: 0
[2015-06-25 02:03:05] EDIT sicair/models/db.py: 0
[2015-06-25 02:03:18] EDIT sicair/models/db.py: 0
[2015-06-25 02:03:44] EDIT sicair/models/db.py: 1
[2015-06-25 02:04:27] EDIT sicair/models/db.py: 1
[2015-06-25 02:04:29] EDIT sicair/models/db.py: 0
[2015-06-25 02:04:56] EDIT sicair/models/db.py: 0
[2015-06-25 02:05:27] EDIT sicair/models/db.py: 0
[2015-06-25 02:05:42] EDIT sicair/models/db.py: 0
[2015-06-25 02:06:25] EDIT sicair/models/db.py: 0
[2015-06-25 02:07:00] EDIT sicair/models/db.py: 0
[2015-06-25 02:07:13] EDIT sicair/models/db.py: 0
[2015-06-25 02:07:18] EDIT sicair/models/db.py: 0
[2015-06-25 02:07:19] EDIT sicair/models/db.py: 0
[2015-06-25 02:07:36] EDIT sicair/models/db.py: 0
[2015-06-25 02:07:50] EDIT sicair/models/db.py: 0
[2015-06-25 02:08:17] EDIT sicair/models/db.py: -1
[2015-06-25 02:08:19] EDIT sicair/models/db.py: 0
[2015-06-25 02:17:22] EDIT sicair/controllers/administrator.py: 32
[2015-06-25 02:17:45] EDIT sicair/controllers/administrator.py: -1
[2015-06-25 02:21:34] EDIT sicair/controllers/administrator.py: 1
[2015-06-25 02:22:12] EDIT sicair/controllers/administrator.py: 1
[2015-06-25 02:25:35] EDIT sicair/controllers/administrator.py: 1
[2015-06-25 02:25:50] EDIT sicair/controllers/administrator.py: 1
[2015-06-25 02:26:03] EDIT sicair/controllers/administrator.py: 0
[2015-06-25 02:26:15] EDIT sicair/controllers/administrator.py: 0
[2015-06-25 02:26:23] EDIT sicair/controllers/administrator.py: 0
[2015-06-25 02:26:31] EDIT sicair/controllers/administrator.py: 0
[2015-06-25 02:26:36] EDIT sicair/controllers/administrator.py: 0
[2015-06-25 02:27:35] EDIT sicair/controllers/administrator.py: -19
[2015-06-25 02:27:48] EDIT sicair/controllers/administrator.py: 0
[2015-06-25 02:28:00] EDIT sicair/controllers/administrator.py: -1
[2015-06-25 02:28:15] EDIT sicair/controllers/administrator.py: 0
[2015-06-25 02:28:27] EDIT sicair/controllers/administrator.py: 1
[2015-06-25 02:28:36] EDIT sicair/controllers/administrator.py: -1
[2015-06-25 02:28:58] EDIT sicair/controllers/administrator.py: -1
[2015-06-25 02:29:19] EDIT sicair/controllers/administrator.py: 2
[2015-06-25 02:29:26] EDIT sicair/controllers/administrator.py: 0
[2015-06-25 02:29:36] EDIT sicair/controllers/administrator.py: -1
[2015-06-25 02:29:38] EDIT sicair/controllers/administrator.py: -1
[2015-06-25 02:29:50] EDIT sicair/controllers/administrator.py: -1
[2015-06-25 02:30:49] EDIT sicair/controllers/administrator.py: 0
[2015-06-25 02:31:14] EDIT sicair/controllers/administrator.py: 0
[2015-06-25 02:31:22] EDIT sicair/controllers/administrator.py: 0
[2015-06-25 02:31:40] EDIT sicair/controllers/administrator.py: 0
[2015-06-25 02:31:47] EDIT sicair/controllers/administrator.py: 0
[2015-06-25 02:34:29] EDIT sicair/controllers/administrator.py: 0
[2015-06-25 02:34:34] EDIT sicair/controllers/administrator.py: 0
[2015-06-25 02:35:13] EDIT sicair/controllers/administrator.py: -1
[2015-06-25 02:35:18] EDIT sicair/controllers/administrator.py: 1
[2015-06-25 02:36:00] EDIT sicair/controllers/administrator.py: 0
[2015-06-25 02:36:05] EDIT sicair/controllers/administrator.py: 0
[2015-06-25 02:36:18] EDIT sicair/controllers/administrator.py: 0
[2015-06-25 02:36:25] EDIT sicair/controllers/administrator.py: 0
[2015-06-25 02:38:47] EDIT sicair/controllers/administrator.py: 9
[2015-06-25 02:38:51] EDIT sicair/controllers/administrator.py: 0
[2015-06-25 02:39:23] EDIT sicair/controllers/administrator.py: 14
[2015-06-25 02:39:49] EDIT sicair/controllers/administrator.py: 0
[2015-06-25 02:40:13] CREATE administrator/manage_user.html: 0
[2015-06-25 02:40:19] EDIT sicair/views/administrator/manage_user.html: 3
[2015-06-25 02:41:01] EDIT sicair/views/administrator/manage_user.html: 0
[2015-06-25 02:41:03] EDIT sicair/views/administrator/manage_user.html: 0
[2015-06-25 02:41:38] EDIT sicair/views/administrator/manage_user.html: 0
[2015-06-25 02:44:33] EDIT sicair/controllers/administrator.py: 1
[2015-06-25 02:44:41] EDIT sicair/controllers/administrator.py: 0
[2015-06-25 02:44:59] EDIT sicair/controllers/administrator.py: -1
[2015-06-25 02:45:40] EDIT sicair/controllers/administrator.py: 3
[2015-06-25 02:46:17] EDIT sicair/controllers/administrator.py: 0
[2015-06-25 02:46:32] EDIT sicair/controllers/administrator.py: 0
[2015-06-25 02:46:56] EDIT sicair/controllers/administrator.py: 1
[2015-06-25 02:48:23] EDIT sicair/models/db.py: 0
[2015-06-25 02:48:30] EDIT sicair/models/db.py: 0
[2015-06-25 02:48:38] EDIT sicair/models/db.py: 0
[2015-06-25 02:49:26] EDIT sicair/models/db.py: 5
[2015-06-25 02:49:34] EDIT sicair/models/db.py: 0
[2015-06-25 02:49:39] EDIT sicair/models/db.py: 0
[2015-06-25 02:49:59] EDIT sicair/models/db.py: -1
[2015-06-25 02:50:24] EDIT sicair/models/db.py: 0
[2015-06-25 02:50:29] EDIT sicair/models/db.py: 0
[2015-06-25 02:51:09] EDIT sicair/models/db.py: 0
[2015-06-25 02:51:29] EDIT sicair/models/db.py: 0
[2015-06-25 02:57:14] EDIT sicair/models/db.py: 0
[2015-06-25 02:57:27] EDIT sicair/models/db.py: 0
[2015-06-25 02:57:42] EDIT sicair/models/db.py: 0
[2015-06-25 02:57:50] EDIT sicair/models/db.py: 0
[2015-06-25 03:00:37] EDIT sicair/models/db.py: -5
[2015-06-25 03:00:50] EDIT sicair/models/db.py: 0
[2015-06-25 03:02:29] EDIT sicair/models/db.py: 0
[2015-06-25 03:03:55] EDIT sicair/models/db.py: 0
[2015-06-25 03:04:34] EDIT sicair/models/db.py: 0
[2015-06-25 03:04:37] EDIT sicair/models/db.py: 0
[2015-06-25 03:08:13] EDIT sicair/models/db.py: 0
[2015-06-25 03:08:15] EDIT sicair/models/db.py: 0
[2015-06-25 03:11:03] EDIT sicair/models/db.py: 0
[2015-06-25 03:11:25] EDIT sicair/models/db.py: 0
[2015-06-25 03:11:28] EDIT sicair/models/db.py: 0
[2015-06-25 03:11:31] EDIT sicair/models/db.py: 0
[2015-06-25 03:11:50] EDIT sicair/models/db.py: 0
[2015-06-25 03:21:24] EDIT sicair/controllers/administrator.py: 1
[2015-06-25 03:21:39] EDIT sicair/controllers/administrator.py: 0
[2015-06-25 03:21:40] EDIT sicair/controllers/administrator.py: 0
[2015-06-25 03:21:56] EDIT sicair/controllers/administrator.py: -1
[2015-06-25 03:22:59] EDIT sicair/controllers/administrator.py: 0
[2015-06-25 03:23:02] EDIT sicair/controllers/administrator.py: 0
[2015-06-25 03:23:04] EDIT sicair/controllers/administrator.py: 0
[2015-06-25 03:23:33] EDIT sicair/controllers/administrator.py: 0
[2015-06-25 03:23:52] EDIT sicair/controllers/administrator.py: 0
[2015-06-25 03:24:06] EDIT sicair/controllers/administrator.py: 0
[2015-06-25 03:24:07] EDIT sicair/controllers/administrator.py: 0
[2015-06-25 03:24:07] EDIT sicair/controllers/administrator.py: 0
[2015-06-25 03:24:07] EDIT sicair/controllers/administrator.py: 0
[2015-06-25 03:24:23] EDIT sicair/controllers/administrator.py: 0
[2015-06-25 03:24:39] EDIT sicair/controllers/administrator.py: 0
[2015-06-25 03:24:40] EDIT sicair/controllers/administrator.py: 0
[2015-06-25 03:24:51] EDIT sicair/controllers/administrator.py: 0
[2015-06-25 03:24:54] EDIT sicair/controllers/administrator.py: 0
[2015-06-25 03:25:08] EDIT sicair/controllers/administrator.py: 0
[2015-06-25 03:25:14] EDIT sicair/controllers/administrator.py: 0
[2015-06-25 03:25:15] EDIT sicair/controllers/administrator.py: 0
[2015-06-25 03:25:28] EDIT sicair/controllers/administrator.py: 0
[2015-06-25 03:25:37] EDIT sicair/controllers/administrator.py: 0
[2015-06-25 03:26:05] EDIT sicair/controllers/administrator.py: 0
[2015-06-25 03:26:46] EDIT sicair/controllers/administrator.py: 1
[2015-06-25 03:26:56] EDIT sicair/controllers/administrator.py: 0
[2015-06-25 03:28:17] EDIT sicair/controllers/administrator.py: 1
[2015-06-25 03:28:21] EDIT sicair/controllers/administrator.py: 0
[2015-06-25 03:28:34] EDIT sicair/controllers/administrator.py: 0
[2015-06-25 03:28:51] EDIT sicair/controllers/administrator.py: 2
[2015-06-25 03:28:58] EDIT sicair/controllers/administrator.py: 1
[2015-06-25 03:29:30] EDIT sicair/controllers/administrator.py: 0
[2015-06-25 03:29:47] EDIT sicair/controllers/administrator.py: -2
[2015-06-25 03:29:49] EDIT sicair/controllers/administrator.py: 0
[2015-06-25 03:29:58] EDIT sicair/controllers/administrator.py: 0
[2015-06-25 03:30:07] EDIT sicair/controllers/administrator.py: -1
[2015-06-25 03:30:18] EDIT sicair/controllers/administrator.py: 0
[2015-06-25 03:30:22] EDIT sicair/controllers/administrator.py: 0
[2015-06-25 03:30:25] EDIT sicair/controllers/administrator.py: -1
[2015-06-25 03:30:41] EDIT sicair/controllers/administrator.py: 0
[2015-06-25 03:31:30] EDIT sicair/controllers/administrator.py: 1
[2015-06-25 03:32:00] EDIT sicair/controllers/administrator.py: 0
[2015-06-25 03:32:23] EDIT sicair/controllers/administrator.py: 0
[2015-06-25 05:03:30] EDIT sicair/controllers/administrator.py: -4
[2015-06-25 05:04:22] EDIT sicair/controllers/administrator.py: 3
[2015-06-25 05:04:34] EDIT sicair/controllers/administrator.py: 0
[2015-06-25 05:05:12] EDIT sicair/controllers/administrator.py: 0
[2015-06-25 05:05:29] EDIT sicair/controllers/administrator.py: 0
[2015-06-25 05:05:35] EDIT sicair/controllers/administrator.py: 0
[2015-06-25 05:07:23] EDIT sicair/controllers/administrator.py: 0
[2015-06-25 05:07:32] EDIT sicair/controllers/administrator.py: 1
[2015-06-25 05:07:39] EDIT sicair/controllers/administrator.py: 0
[2015-06-25 05:08:11] EDIT sicair/controllers/administrator.py: 0
[2015-06-25 05:09:19] EDIT sicair/controllers/administrator.py: 1
[2015-06-25 05:09:29] EDIT sicair/controllers/administrator.py: 0
[2015-06-25 05:09:35] EDIT sicair/controllers/administrator.py: -1
[2015-06-25 05:11:09] EDIT sicair/models/menu.py: 3
[2015-06-25 05:11:18] EDIT sicair/models/menu.py: 0
[2015-06-25 05:11:34] EDIT sicair/controllers/administrator.py: 0
[2015-06-25 05:11:44] EDIT sicair/controllers/administrator.py: 0
[2015-06-25 05:12:24] CREATE administrator/peding_users.html.py: 0
[2015-06-25 05:12:40] DELETE sicair/models/administrator/peding_users.html.py: 0
[2015-06-25 05:12:49] DELETE sicair/views/administrator/pending.html: -13
[2015-06-25 05:12:59] CREATE administrator/pending_users.html: 0
[2015-06-25 05:13:08] EDIT sicair/views/administrator/pending_users.html: 10
[2015-06-25 05:13:12] EDIT sicair/views/administrator/pending_users.html: 0
[2015-06-25 05:13:28] EDIT sicair/views/administrator/pending_users.html: 0
[2015-06-25 05:14:39] EDIT sicair/controllers/administrator.py: 0
[2015-06-25 05:14:41] EDIT sicair/controllers/administrator.py: 0
[2015-06-25 05:15:23] EDIT sicair/views/administrator/pending_users.html: 0
[2015-06-25 05:15:46] EDIT sicair/models/menu.py: 0
[2015-06-25 05:16:03] EDIT sicair/models/menu.py: 0
[2015-06-25 05:18:00] CREATE service.py: 0
[2015-06-25 05:19:09] EDIT sicair/controllers/service.py: 3
[2015-06-25 05:19:19] EDIT sicair/controllers/service.py: 1
[2015-06-25 05:19:25] EDIT sicair/controllers/service.py: 0
[2015-06-25 05:19:42] EDIT sicair/models/menu.py: 0
[2015-06-25 05:27:17] CREATE service/air.html: 0
[2015-06-25 05:36:44] EDIT sicair/models/db.py: 5
[2015-06-25 05:37:13] EDIT sicair/models/db.py: 0
[2015-06-25 05:37:48] EDIT sicair/models/db.py: 0
[2015-06-25 05:40:19] EDIT sicair/models/db.py: 1
[2015-06-25 05:41:38] EDIT sicair/controllers/administrator.py: 0
[2015-06-25 05:44:19] EDIT sicair/controllers/administrator.py: 0
[2015-06-25 05:44:51] EDIT sicair/controllers/administrator.py: 0
[2015-06-25 05:44:55] EDIT sicair/controllers/administrator.py: 0
[2015-06-25 05:49:42] EDIT sicair/controllers/administrator.py: 0
[2015-06-25 05:49:55] EDIT sicair/controllers/administrator.py: 0
[2015-06-25 05:50:01] EDIT sicair/controllers/administrator.py: 1
[2015-06-25 05:50:07] EDIT sicair/controllers/administrator.py: 0
[2015-06-25 05:50:59] EDIT sicair/controllers/administrator.py: 0
[2015-06-25 05:51:12] EDIT sicair/controllers/administrator.py: 0
[2015-06-25 05:53:45] EDIT sicair/controllers/service.py: 0
[2015-06-25 05:53:49] EDIT sicair/controllers/service.py: 0
[2015-06-25 05:54:20] EDIT sicair/controllers/service.py: 2
[2015-06-25 05:58:21] DELETE sicair/views/service/air.html: -3
[2015-06-25 05:58:34] CREATE service/hours.html: 0
[2015-06-25 06:02:23] EDIT sicair/controllers/administrator.py: -1
[2015-06-25 06:02:47] EDIT sicair/controllers/administrator.py: 0
[2015-06-25 06:03:25] EDIT sicair/controllers/administrator.py: 1
[2015-06-25 06:03:44] EDIT sicair/controllers/administrator.py: 0
[2015-06-25 06:04:19] EDIT sicair/controllers/administrator.py: -1
[2015-06-25 06:06:49] EDIT sicair/controllers/administrator.py: 0
[2015-06-25 06:22:01] EDIT sicair/controllers/service.py: 15
[2015-06-25 06:22:41] EDIT sicair/models/db.py: 1
[2015-06-25 06:23:22] EDIT sicair/models/db.py: 0
[2015-06-25 06:24:00] EDIT sicair/controllers/service.py: 0
[2015-06-25 06:25:16] EDIT sicair/controllers/service.py: 2
[2015-06-25 06:26:25] EDIT sicair/controllers/administrator.py: 0
[2015-06-25 06:29:34] EDIT sicair/controllers/service.py: 2
[2015-06-25 06:29:38] EDIT sicair/controllers/service.py: 0
[2015-06-25 06:30:07] EDIT sicair/controllers/service.py: 0
[2015-06-25 06:30:29] EDIT sicair/controllers/service.py: 1
[2015-06-25 06:30:40] EDIT sicair/controllers/service.py: 0
[2015-06-25 06:31:05] EDIT sicair/controllers/service.py: 0
[2015-06-25 06:32:56] EDIT sicair/controllers/service.py: 0
[2015-06-25 06:33:05] EDIT sicair/controllers/service.py: -1
[2015-06-25 06:33:59] EDIT sicair/controllers/service.py: 1
[2015-06-25 06:34:15] EDIT sicair/controllers/service.py: 0
[2015-06-25 06:35:13] EDIT sicair/models/db.py: 0
[2015-06-25 06:35:56] EDIT sicair/models/db.py: 0
[2015-06-25 06:36:07] EDIT sicair/models/db.py: 0
[2015-06-25 06:36:15] EDIT sicair/models/db.py: 0
[2015-06-25 06:36:46] EDIT sicair/controllers/service.py: 1
[2015-06-25 06:36:48] EDIT sicair/controllers/service.py: 0
[2015-06-25 06:37:06] EDIT sicair/controllers/service.py: 1
[2015-06-25 06:37:17] EDIT sicair/controllers/service.py: 1
[2015-06-25 06:37:35] EDIT sicair/models/db.py: 0
[2015-06-25 06:37:38] EDIT sicair/models/db.py: 0
[2015-06-25 06:38:24] EDIT sicair/controllers/service.py: 1
[2015-06-25 06:38:40] EDIT sicair/controllers/service.py: 0
[2015-06-25 06:38:43] EDIT sicair/controllers/service.py: 0
[2015-06-25 06:39:39] EDIT sicair/controllers/service.py: 2
[2015-06-25 06:40:07] EDIT sicair/controllers/service.py: 1
[2015-06-25 06:40:20] EDIT sicair/controllers/service.py: 0
[2015-06-25 06:42:48] EDIT sicair/models/db.py: 0
[2015-06-25 06:42:50] EDIT sicair/models/db.py: 0
[2015-06-25 06:42:54] EDIT sicair/models/db.py: 0
[2015-06-25 06:43:35] EDIT sicair/models/db.py: 0
[2015-06-25 06:45:46] EDIT sicair/controllers/service.py: 0
[2015-06-25 06:45:53] EDIT sicair/controllers/service.py: -1
[2015-06-25 06:46:18] EDIT sicair/controllers/service.py: 0
[2015-06-25 06:46:45] EDIT sicair/controllers/service.py: 0
[2015-06-25 06:48:07] EDIT sicair/controllers/service.py: 0
[2015-06-25 06:50:49] EDIT sicair/controllers/service.py: 0
[2015-06-25 06:51:10] EDIT sicair/controllers/service.py: 0
[2015-06-25 06:51:25] EDIT sicair/controllers/service.py: 0
[2015-06-25 06:51:54] EDIT sicair/controllers/service.py: 2
[2015-06-25 06:52:35] EDIT sicair/controllers/service.py: 2
[2015-06-25 06:53:23] EDIT sicair/controllers/service.py: 1
[2015-06-25 06:54:38] EDIT sicair/controllers/service.py: 3
[2015-06-25 06:54:49] EDIT sicair/controllers/service.py: 1
[2015-06-25 06:55:39] EDIT sicair/controllers/service.py: -1
[2015-06-25 06:55:53] EDIT sicair/controllers/service.py: 0
[2015-06-25 06:55:59] EDIT sicair/controllers/service.py: 0
[2015-06-25 06:56:01] EDIT sicair/controllers/service.py: 0
[2015-06-25 06:56:47] EDIT sicair/controllers/service.py: 1
[2015-06-25 06:57:40] EDIT sicair/controllers/service.py: 0
[2015-06-25 06:58:24] EDIT sicair/controllers/service.py: 0
[2015-06-25 08:16:39] EDIT sicair/controllers/service.py: -1
[2015-06-25 08:16:51] EDIT sicair/models/db.py: 0
[2015-06-25 08:18:00] EDIT sicair/controllers/service.py: 1
[2015-06-25 08:18:01] EDIT sicair/controllers/service.py: 0
[2015-06-25 08:19:49] EDIT sicair/models/db.py: 1
[2015-06-25 08:20:30] EDIT sicair/controllers/service.py: 2
[2015-06-25 08:20:36] EDIT sicair/controllers/service.py: -1
[2015-06-25 08:20:53] EDIT sicair/models/db.py: 0
[2015-06-25 08:24:44] EDIT sicair/controllers/service.py: -1
[2015-06-25 08:24:59] EDIT sicair/models/db.py: 0
[2015-06-25 08:25:00] EDIT sicair/models/db.py: 0
[2015-06-25 08:25:14] EDIT sicair/models/db.py: 1
[2015-06-25 08:25:16] EDIT sicair/models/db.py: 0
[2015-06-25 08:26:05] EDIT sicair/controllers/service.py: 1
[2015-06-25 08:26:28] EDIT sicair/controllers/service.py: 0
[2015-06-25 08:26:44] EDIT sicair/controllers/service.py: -7
[2015-06-25 08:26:48] EDIT sicair/controllers/service.py: 0
[2015-06-25 08:26:51] EDIT sicair/controllers/service.py: 0
[2015-06-25 08:27:04] EDIT sicair/controllers/service.py: 0
[2015-06-25 08:27:28] EDIT sicair/controllers/service.py: 1
[2015-06-25 08:28:50] EDIT sicair/controllers/service.py: 2
[2015-06-25 08:29:02] EDIT sicair/controllers/service.py: 0
[2015-06-25 08:29:08] EDIT sicair/controllers/service.py: 0
[2015-06-25 08:29:17] EDIT sicair/controllers/service.py: 1
[2015-06-25 08:29:26] EDIT sicair/controllers/service.py: 0
[2015-06-25 08:29:40] EDIT sicair/controllers/service.py: 0
[2015-06-25 08:30:18] EDIT sicair/controllers/service.py: 0
[2015-06-25 08:30:31] EDIT sicair/controllers/service.py: 0
[2015-06-25 08:32:40] EDIT sicair/views/service/hours.html: 3
[2015-06-25 08:33:13] EDIT sicair/views/service/hours.html: 0
[2015-06-25 08:33:26] EDIT sicair/views/service/hours.html: 0
[2015-06-25 08:33:48] EDIT sicair/views/service/hours.html: 1
[2015-06-25 08:33:53] EDIT sicair/views/service/hours.html: 0
[2015-06-25 08:35:03] EDIT sicair/controllers/service.py: 4
[2015-06-25 08:35:44] EDIT sicair/views/service/hours.html: 3
[2015-06-25 08:35:48] EDIT sicair/views/service/hours.html: 0
[2015-06-25 08:41:11] EDIT sicair/controllers/service.py: 1
[2015-06-25 08:42:07] EDIT sicair/controllers/administrator.py: -1
[2015-06-25 08:45:03] EDIT sicair/controllers/administrator.py: 4
[2015-06-25 08:45:55] EDIT sicair/controllers/administrator.py: 0
[2015-06-25 08:46:09] EDIT sicair/controllers/administrator.py: 0
[2015-06-25 08:46:30] EDIT sicair/controllers/administrator.py: 0
[2015-06-25 08:46:46] EDIT sicair/controllers/administrator.py: 0
[2015-06-25 08:47:59] EDIT sicair/controllers/service.py: 1
[2015-06-25 08:48:34] EDIT sicair/controllers/service.py: 1
[2015-06-25 08:48:45] EDIT sicair/controllers/service.py: 0
[2015-06-25 08:49:06] EDIT sicair/controllers/service.py: 0
[2015-06-25 08:49:39] EDIT sicair/controllers/service.py: 0
[2015-06-25 08:49:43] EDIT sicair/controllers/service.py: 0
[2015-06-25 08:49:57] EDIT sicair/controllers/service.py: 0
[2015-06-25 08:50:10] EDIT sicair/controllers/service.py: 0
[2015-06-25 08:50:15] EDIT sicair/controllers/service.py: 0
[2015-06-25 08:51:02] EDIT sicair/controllers/service.py: 0
[2015-06-25 08:51:40] EDIT sicair/controllers/service.py: 0
[2015-06-25 08:52:18] EDIT sicair/controllers/service.py: 1
[2015-06-25 08:52:22] EDIT sicair/controllers/service.py: -1
[2015-06-25 08:53:26] EDIT sicair/controllers/service.py: 0
[2015-06-25 08:53:33] EDIT sicair/controllers/service.py: 0
[2015-06-25 08:54:05] EDIT sicair/controllers/service.py: 0
[2015-06-25 08:54:13] EDIT sicair/controllers/service.py: 0
[2015-06-25 08:54:35] EDIT sicair/controllers/service.py: 0
[2015-06-25 08:55:13] EDIT sicair/controllers/service.py: 0
[2015-06-25 08:55:24] EDIT sicair/controllers/service.py: 0
[2015-06-25 08:55:34] EDIT sicair/controllers/service.py: 0
[2015-06-25 08:55:52] EDIT sicair/controllers/service.py: 0
[2015-06-25 08:56:24] EDIT sicair/controllers/service.py: 0
[2015-06-25 08:56:33] EDIT sicair/controllers/service.py: 0
[2015-06-25 08:56:37] EDIT sicair/controllers/service.py: 0
[2015-06-25 08:56:43] EDIT sicair/controllers/service.py: 0
[2015-06-25 08:57:39] EDIT sicair/controllers/service.py: 0
[2015-06-25 08:58:11] EDIT sicair/controllers/administrator.py: 0
[2015-06-25 08:58:22] EDIT sicair/controllers/administrator.py: 0
[2015-06-25 08:58:37] EDIT sicair/controllers/administrator.py: 1
[2015-06-25 08:59:14] EDIT sicair/controllers/administrator.py: 0
[2015-06-25 08:59:21] EDIT sicair/controllers/administrator.py: -1
[2015-06-25 08:59:28] EDIT sicair/controllers/administrator.py: 0
[2015-06-25 08:59:35] EDIT sicair/controllers/service.py: 0
[2015-06-25 09:00:07] EDIT sicair/controllers/service.py: -1
[2015-06-25 09:00:12] EDIT sicair/controllers/service.py: 0
[2015-06-25 09:00:54] EDIT sicair/controllers/service.py: 1
[2015-06-25 09:01:19] EDIT sicair/controllers/service.py: 10
[2015-06-25 09:01:28] EDIT sicair/controllers/service.py: 0
[2015-06-25 09:01:32] EDIT sicair/controllers/service.py: 0
[2015-06-25 09:01:50] CREATE service/list_hours.html: 0
[2015-06-25 09:01:52] EDIT sicair/views/service/list_hours.html: 7
[2015-06-25 09:02:06] DELETE sicair/views/service/hours.html: -10
[2015-06-25 09:02:13] DELETE sicair/views/administrator/users.html: -3
[2015-06-25 09:03:06] EDIT sicair/controllers/service.py: -1
[2015-06-25 09:03:36] EDIT sicair/controllers/service.py: 0
[2015-06-25 09:03:50] EDIT sicair/controllers/service.py: -4
[2015-06-25 09:04:45] EDIT sicair/models/db.py: 0
[2015-06-25 09:06:39] EDIT sicair/controllers/service.py: 0
[2015-06-25 09:07:15] EDIT sicair/controllers/service.py: 0
